<?xml version="1.0" encoding="UTF-8"?>
<!-- Generated by org.testng.reporters.JUnitReportReporter -->
<testsuite skipped="0" hostname="WIN-01607201740" name="com.sugon.parameter.TestParameterDataProvider" tests="3" failures="0" timestamp="16 三月 2018 01:03:58 GMT" time="0.019" errors="0">
  <testcase name="test" time="0.012" classname="com.sugon.parameter.TestParameterDataProvider"/>
  <testcase name="test" time="0.002" classname="com.sugon.parameter.TestParameterDataProvider"/>
  <testcase name="test" time="0.005" classname="com.sugon.parameter.TestParameterDataProvider"/>
</testsuite> <!-- com.sugon.parameter.TestParameterDataProvider -->
