<?xml version="1.0" encoding="UTF-8"?>
<!-- Generated by org.testng.reporters.JUnitReportReporter -->
<testsuite skipped="0" hostname="WIN-01607201740" name="com.sugon.parameter.TestParameterDataProvider3" tests="4" failures="0" timestamp="16 三月 2018 01:26:08 GMT" time="0.026" errors="0">
  <testcase name="test1" time="0.015" classname="com.sugon.parameter.TestParameterDataProvider3"/>
  <testcase name="test1" time="0.005" classname="com.sugon.parameter.TestParameterDataProvider3"/>
  <testcase name="test2" time="0.004" classname="com.sugon.parameter.TestParameterDataProvider3"/>
  <testcase name="test2" time="0.002" classname="com.sugon.parameter.TestParameterDataProvider3"/>
</testsuite> <!-- com.sugon.parameter.TestParameterDataProvider3 -->
