<?xml version="1.0" encoding="UTF-8"?>
<!-- Generated by org.testng.reporters.JUnitReportReporter -->
<testsuite skipped="1" hostname="WIN-01607201740" name="com.sugon.ignore.TestIgnore" tests="3" failures="0" timestamp="15 三月 2018 07:57:05 GMT" time="0.017" errors="0">
  <testcase name="test2" time="0.001" classname="com.sugon.ignore.TestIgnore"/>
  <testcase name="test1" time="0.016" classname="com.sugon.ignore.TestIgnore"/>
  <testcase name="test3" classname="com.sugon.ignore.TestIgnore">
    <skipped/>
  </testcase> <!-- test3 -->
</testsuite> <!-- com.sugon.ignore.TestIgnore -->
