<?xml version="1.0" encoding="UTF-8"?>
<!-- Generated by org.testng.reporters.JUnitReportReporter -->
<testsuite skipped="0" hostname="WIN-01607201740" name="com.sugon.parameter.TestParameterXML" tests="1" failures="0" timestamp="16 三月 2018 00:59:20 GMT" time="1.280" errors="0">
  <testcase name="createConnection" time="1.280" classname="com.sugon.parameter.TestParameterXML"/>
</testsuite> <!-- com.sugon.parameter.TestParameterXML -->
