<?xml version="1.0" encoding="UTF-8"?>
<!-- Generated by org.testng.reporters.JUnitReportReporter -->
<testsuite skipped="0" hostname="WIN-01607201740" name="com.sugon.NewTest" tests="2" failures="0" timestamp="15 三月 2018 06:45:20 GMT" time="0.013" errors="0">
  <testcase name="f" time="0.009" classname="com.sugon.NewTest"/>
  <testcase name="f" time="0.004" classname="com.sugon.NewTest"/>
</testsuite> <!-- com.sugon.NewTest -->
