<?xml version="1.0" encoding="UTF-8"?>
<!-- Generated by org.testng.reporters.JUnitReportReporter -->
<testsuite skipped="0" hostname="WIN-01607201740" name="com.sugon.jenkins" tests="1" failures="0" timestamp="12 四月 2018 07:14:10 GMT" time="58.421" errors="0">
  <testcase name="insert" time="58.421" classname="com.sugon.jenkins"/>
</testsuite> <!-- com.sugon.jenkins -->
