<?xml version="1.0" encoding="UTF-8"?>
<!-- Generated by org.testng.reporters.JUnitReportReporter -->
<testsuite skipped="0" hostname="WIN-01607201740" name="com.sugon.test.install" tests="1" failures="0" timestamp="13 四月 2018 07:07:30 GMT" time="107.616" errors="0">
  <testcase name="f" time="107.616" classname="com.sugon.test.install"/>
</testsuite> <!-- com.sugon.test.install -->
