<?xml version="1.0" encoding="UTF-8"?>
<!-- Generated by org.testng.reporters.JUnitReportReporter -->
<testsuite skipped="0" hostname="WIN-01607201740" name="com.sugon.test.NewTest" tests="1" failures="0" timestamp="16 四月 2018 05:44:10 GMT" time="0.015" errors="0">
  <testcase name="test" time="0.015" classname="com.sugon.test.NewTest"/>
</testsuite> <!-- com.sugon.test.NewTest -->
