<?xml version="1.0" encoding="UTF-8"?>
<!-- Generated by org.testng.reporters.JUnitReportReporter -->
<testsuite skipped="0" hostname="WIN-01607201740" name="com.sugon.suite.TestDBConnection" tests="4" failures="0" timestamp="15 三月 2018 07:05:08 GMT" time="0.007" errors="0">
  <testcase name="runOtherTest1" time="0.002" classname="com.sugon.suite.TestDBConnection"/>
  <testcase name="runOtherTest2" time="0.001" classname="com.sugon.suite.TestDBConnection"/>
  <testcase name="runOtherTest2" time="0.002" classname="com.sugon.suite.TestDBConnection"/>
  <testcase name="runOtherTest1" time="0.002" classname="com.sugon.suite.TestDBConnection"/>
</testsuite> <!-- com.sugon.suite.TestDBConnection -->
