<?xml version="1.0" encoding="UTF-8"?>
<!-- Generated by org.testng.reporters.JUnitReportReporter -->
<testsuite skipped="0" hostname="WIN-01607201740" name="com.sugon.depends.TestApp" tests="2" failures="0" timestamp="15 三月 2018 09:24:37 GMT" time="0.006" errors="0">
  <testcase name="method1" time="0.002" classname="com.sugon.depends.TestApp"/>
  <testcase name="method2" time="0.004" classname="com.sugon.depends.TestApp"/>
</testsuite> <!-- com.sugon.depends.TestApp -->
