<?xml version="1.0" encoding="UTF-8"?>
<!-- Generated by org.testng.reporters.JUnitReportReporter -->
<testsuite skipped="0" hostname="WIN-01607201740" name="com.sugon.TestDBConnection" tests="2" failures="0" timestamp="15 三月 2018 06:51:02 GMT" time="0.014" errors="0">
  <testcase name="runOtherTest1" time="0.010" classname="com.sugon.TestDBConnection"/>
  <testcase name="runOtherTest2" time="0.004" classname="com.sugon.TestDBConnection"/>
</testsuite> <!-- com.sugon.TestDBConnection -->
