<?xml version="1.0" encoding="UTF-8"?>
<!-- Generated by org.testng.reporters.JUnitReportReporter -->
<testsuite skipped="0" hostname="WIN-01607201740" name="com.sugon.group.TestSelenium" tests="4" failures="0" timestamp="15 三月 2018 08:15:49 GMT" time="0.018" errors="0">
  <testcase name="runSelenium" time="0.003" classname="com.sugon.group.TestSelenium"/>
  <testcase name="runSelenium1" time="0.001" classname="com.sugon.group.TestSelenium"/>
  <testcase name="runSelenium1" time="0.004" classname="com.sugon.group.TestSelenium"/>
  <testcase name="runSelenium" time="0.010" classname="com.sugon.group.TestSelenium"/>
</testsuite> <!-- com.sugon.group.TestSelenium -->
