<?xml version="1.0" encoding="UTF-8"?>
<!-- Generated by org.testng.reporters.JUnitReportReporter -->
<testsuite skipped="0" hostname="WIN-01607201740" name="com.sugon.test.createDataSet" tests="1" failures="0" timestamp="13 四月 2018 07:11:07 GMT" time="64.282" errors="0">
  <testcase name="f" time="64.282" classname="com.sugon.test.createDataSet"/>
</testsuite> <!-- com.sugon.test.createDataSet -->
