<?xml version="1.0" encoding="UTF-8"?>
<!-- Generated by org.testng.reporters.JUnitReportReporter -->
<testsuite skipped="0" hostname="WIN-01607201740" name="com.sugon.suite.TestConfiguration" tests="2" failures="0" timestamp="15 三月 2018 07:05:08 GMT" time="0.008" errors="0">
  <testcase name="f2" time="0.002" classname="com.sugon.suite.TestConfiguration"/>
  <testcase name="f" time="0.006" classname="com.sugon.suite.TestConfiguration"/>
</testsuite> <!-- com.sugon.suite.TestConfiguration -->
