<?xml version="1.0" encoding="UTF-8"?>
<!-- Generated by org.testng.reporters.JUnitReportReporter -->
<testsuite skipped="0" hostname="WIN-01607201740" name="com.sugon.parameter.TestParameterDataProvider4" tests="1" failures="0" timestamp="16 三月 2018 02:12:50 GMT" time="0.015" errors="0">
  <testcase name="test1" time="0.015" classname="com.sugon.parameter.TestParameterDataProvider4"/>
</testsuite> <!-- com.sugon.parameter.TestParameterDataProvider4 -->
