<?xml version="1.0" encoding="UTF-8"?>
<!-- Generated by org.testng.reporters.JUnitReportReporter -->
<testsuite skipped="0" hostname="WIN-01607201740" name="com.sugon.group.TestGroup" tests="7" failures="0" timestamp="15 三月 2018 08:15:49 GMT" time="0.024" errors="0">
  <testcase name="runSelenium" time="0.006" classname="com.sugon.group.TestGroup"/>
  <testcase name="runSelenium1" time="0.003" classname="com.sugon.group.TestGroup"/>
  <testcase name="runSelenium" time="0.001" classname="com.sugon.group.TestGroup"/>
  <testcase name="testConnectMsSQL" time="0.003" classname="com.sugon.group.TestGroup"/>
  <testcase name="runSelenium1" time="0.002" classname="com.sugon.group.TestGroup"/>
  <testcase name="testConnectOracle" time="0.002" classname="com.sugon.group.TestGroup"/>
  <testcase name="runFinal" time="0.007" classname="com.sugon.group.TestGroup"/>
</testsuite> <!-- com.sugon.group.TestGroup -->
