<?xml version="1.0" encoding="UTF-8"?>
<!-- Generated by org.testng.reporters.JUnitReportReporter -->
<testsuite skipped="0" hostname="WIN-01607201740" name="com.sugon.depends.App" tests="2" failures="0" timestamp="15 三月 2018 08:57:15 GMT" time="0.015" errors="0">
  <testcase name="method2" time="0.001" classname="com.sugon.depends.App"/>
  <testcase name="method1" time="0.014" classname="com.sugon.depends.App"/>
</testsuite> <!-- com.sugon.depends.App -->
