<?xml version="1.0" encoding="UTF-8"?>
<!-- Generated by org.testng.reporters.JUnitReportReporter -->
<testsuite skipped="0" hostname="WIN-01607201740" name="com.sugon.test.insertData" tests="1" failures="0" timestamp="13 四月 2018 07:23:57 GMT" time="3.326" errors="0">
  <testcase name="f" time="3.326" classname="com.sugon.test.insertData"/>
</testsuite> <!-- com.sugon.test.insertData -->
