<?xml version="1.0" encoding="UTF-8"?>
<!-- Generated by org.testng.reporters.JUnitReportReporter -->
<testsuite skipped="0" hostname="WIN-01607201740" name="com.sugon.depends.TestDatabase" tests="2" failures="0" timestamp="15 三月 2018 09:24:37 GMT" time="0.003" errors="0">
  <testcase name="initDB" time="0.002" classname="com.sugon.depends.TestDatabase"/>
  <testcase name="testConnection" time="0.001" classname="com.sugon.depends.TestDatabase"/>
</testsuite> <!-- com.sugon.depends.TestDatabase -->
