<?xml version="1.0" encoding="UTF-8"?>
<!-- Generated by org.testng.reporters.JUnitReportReporter -->
<testsuite skipped="0" hostname="WIN-01607201740" name="com.sugon.TestHelloWorld" tests="1" failures="0" timestamp="15 三月 2018 06:27:52 GMT" time="0.016" errors="0">
  <testcase name="testEmailGenerator" time="0.016" classname="com.sugon.TestHelloWorld"/>
</testsuite> <!-- com.sugon.TestHelloWorld -->
