<?xml version="1.0" encoding="UTF-8"?>
<!-- Generated by org.testng.reporters.JUnitReportReporter -->
<testsuite skipped="0" hostname="WIN-01607201740" name="com.sugon.test.test1" tests="1" failures="0" timestamp="16 四月 2018 08:52:45 GMT" time="0.013" errors="0">
  <testcase name="install" time="0.013" classname="com.sugon.test.test1"/>
</testsuite> <!-- com.sugon.test.test1 -->
