<?xml version="1.0" encoding="UTF-8"?>
<!-- Generated by org.testng.reporters.JUnitReportReporter -->
<testsuite skipped="0" hostname="WIN-01607201740" name="com.sugon.exception.TestCheckedException" tests="2" failures="0" timestamp="15 三月 2018 07:24:42 GMT" time="0.014" errors="0">
  <testcase name="throwIfOrderIsNotExists" time="0.010" classname="com.sugon.exception.TestCheckedException"/>
  <testcase name="throwIfOrderIsNull" time="0.004" classname="com.sugon.exception.TestCheckedException"/>
</testsuite> <!-- com.sugon.exception.TestCheckedException -->
