<?xml version="1.0" encoding="UTF-8"?>
<!-- Generated by org.testng.reporters.JUnitReportReporter -->
<testsuite skipped="0" hostname="WIN-01607201740" name="com.sugon.suite.test.TestDatabase" tests="4" failures="0" timestamp="15 三月 2018 08:34:49 GMT" time="0.022" errors="0">
  <testcase name="testConnectMySQL" time="0.010" classname="com.sugon.suite.test.TestDatabase"/>
  <testcase name="testConnectMongoDB" time="0.002" classname="com.sugon.suite.test.TestDatabase"/>
  <testcase name="testConnectMsSQL" time="0.002" classname="com.sugon.suite.test.TestDatabase"/>
  <testcase name="testConnectOracle" time="0.008" classname="com.sugon.suite.test.TestDatabase"/>
</testsuite> <!-- com.sugon.suite.test.TestDatabase -->
