<?xml version="1.0" encoding="UTF-8"?>
<!-- Generated by org.testng.reporters.JUnitReportReporter -->
<testsuite skipped="0" hostname="WIN-01607201740" name="com.sugon.depends.TestServer" tests="2" failures="0" timestamp="15 三月 2018 09:24:37 GMT" time="0.013" errors="0">
  <testcase name="deployBackUpServer" time="0.003" classname="com.sugon.depends.TestServer"/>
  <testcase name="deployServer" time="0.010" classname="com.sugon.depends.TestServer"/>
</testsuite> <!-- com.sugon.depends.TestServer -->
